<?xml version="1.0" encoding="UTF-8"?>
<!-- Generated by org.testng.reporters.JUnitXMLReporter -->
<testsuite hostname="f45c899d4237" ignored="4" name="Default test" tests="1" failures="0" timestamp="26 Sep 2017 03:11:29 GMT" time="14.587" errors="0">
  <testcase name="timeOutCommands" time="14.57" classname="SeleniumCourseDay6WDCommands.SeleniumWebdriverCommands"/>
  <testcase name="signInValidations" time="0.0" classname="SeleniumCourseDay6WDCommands.SeleniumWebdriverCommands">
    <ignored/>
  </testcase> <!-- signInValidations -->
  <testcase name="testMethod" time="0.0" classname="SeleniumCourseDay6WDCommands.SeleniumWebdriverCommands">
    <ignored/>
  </testcase> <!-- testMethod -->
  <testcase name="webDriverCommandsContinue" time="0.0" classname="SeleniumCourseDay6WDCommands.SeleniumWebdriverCommands">
    <ignored/>
  </testcase> <!-- webDriverCommandsContinue -->
  <testcase name="webdriverCommands" time="0.0" classname="SeleniumCourseDay6WDCommands.SeleniumWebdriverCommands">
    <ignored/>
  </testcase> <!-- webdriverCommands -->
</testsuite> <!-- Default test -->
