<?xml version="1.0" encoding="UTF-8"?>
<testng-results skipped="0" failed="0" ignored="4" total="5" passed="1">
  <reporter-output>
    <line>
      <![CDATA[Firefox browser launched successfully]]>
    </line>
    <line>
      <![CDATA[Sign In button text is Sign in]]>
    </line>
    <line>
      <![CDATA[PASS - Email entered Successfully]]>
    </line>
    <line>
      <![CDATA[PASS - Password entered Successfully]]>
    </line>
    <line>
      <![CDATA[PASS - Sign in Button Clicked Successfully]]>
    </line>
  </reporter-output>
  <suite name="Default suite" duration-ms="14587" started-at="2017-09-26T03:11:14Z" finished-at="2017-09-26T03:11:29Z">
    <groups>
    </groups>
    <test name="Default test" duration-ms="14587" started-at="2017-09-26T03:11:14Z" finished-at="2017-09-26T03:11:29Z">
      <class name="SeleniumCourseDay6WDCommands.SeleniumWebdriverCommands">
        <test-method status="PASS" signature="timeOutCommands()[pri:0, instance:SeleniumCourseDay6WDCommands.SeleniumWebdriverCommands@27efef64]" name="timeOutCommands" duration-ms="14570" started-at="2017-09-26T08:41:14Z" finished-at="2017-09-26T08:41:29Z">
          <reporter-output>
            <line>
              <![CDATA[Firefox browser launched successfully]]>
            </line>
            <line>
              <![CDATA[Sign In button text is Sign in]]>
            </line>
            <line>
              <![CDATA[PASS - Email entered Successfully]]>
            </line>
            <line>
              <![CDATA[PASS - Password entered Successfully]]>
            </line>
            <line>
              <![CDATA[PASS - Sign in Button Clicked Successfully]]>
            </line>
          </reporter-output>
        </test-method> <!-- timeOutCommands -->
      </class> <!-- SeleniumCourseDay6WDCommands.SeleniumWebdriverCommands -->
    </test> <!-- Default test -->
  </suite> <!-- Default suite -->
</testng-results>
